<?xml version="1.0" encoding="UTF-8"?>
<!-- Generated by org.testng.reporters.JUnitReportReporter -->
<testsuite hostname="DESKTOP-GGB8MRA" failures="0" tests="6" name="com.testcases.TestAlert" time="68.345" errors="0" timestamp="2021-09-17T12:13:56 IST" skipped="0">
  <testcase classname="com.testcases.TestAlert" name="alert" time="2.320"/>
  <system-out/>
  <testcase classname="com.testcases.TestAlert" name="browserwindow" time="11.686"/>
  <system-out/>
  <testcase classname="com.testcases.TestAlert" name="alert_tab" time="18.933"/>
  <system-out/>
  <testcase classname="com.testcases.TestAlert" name="frames" time="12.364"/>
  <system-out/>
  <testcase classname="com.testcases.TestAlert" name="nested" time="12.509"/>
  <system-out/>
  <testcase classname="com.testcases.TestAlert" name="modal" time="10.533"/>
  <system-out/>
</testsuite> <!-- com.testcases.TestAlert -->
