<?xml version="1.0" encoding="UTF-8"?>
<!-- Generated by org.testng.reporters.JUnitReportReporter -->
<testsuite hostname="DESKTOP-GGB8MRA" failures="0" tests="1" name="com.testcases.TestForms" time="0.000" errors="0" timestamp="2021-09-17T16:14:58 IST" skipped="1">
  <testcase classname="com.testcases.TestForms" name="Records" time="0.000">
    <skipped/>
  </testcase> <!-- Records -->
  <system-out/>
</testsuite> <!-- com.testcases.TestForms -->
